Arguments: 
  E:\App64\nodejs\node.exe C:\Users\Rasel\AppData\Roaming\npm\node_modules\yarn\bin\yarn.js init

PATH: 
  C:\Users\Rasel\AppData\Local\oh-my-posh;C:\Program Files\WindowsApps\Microsoft.PowerShell_7.2.5.0_x64__8wekyb3d8bbwe;C:\Python310\Scripts\;C:\Python310\;C:\Windows\system32;C:\Windows;C:\Windows\System32\Wbem;C:\Windows\System32\WindowsPowerShell\v1.0\;C:\Windows\System32\OpenSSH\;C:\Program Files (x86)\NVIDIA Corporation\PhysX\Common;E:\App64\Git\cmd;E:\App64\MongoDB\Server\5.0\bin;C:\ProgramData\chocolatey\bin;E:\App64\nodejs\;C:\Program Files\OpenJDK\openjdk-11.0.15_10\bin;E:\App64\dotnet\;C:\Program Files\nvim-win64\bin;;C:\Program Files\Docker\Docker\resources\bin;C:\ProgramData\DockerDesktop\version-bin;C:\Users\Rasel\AppData\Local\Microsoft\WindowsApps;E:\App64\Microsoft VS Code\bin;C:\Users\Rasel\AppData\Roaming\npm;C:\Users\Rasel\AppData\Local\Programs\oh-my-posh\bin;E:\App64\JetBrains\PyCharm 2022.1.2\bin;E:\App64\heroku\bin

Yarn version: 
  1.22.18

Node version: 
  16.15.0

Platform: 
  win32 x64

Trace: 
  Error: canceled
      at Interface.<anonymous> (C:\Users\Rasel\AppData\Roaming\npm\node_modules\yarn\lib\cli.js:137143:13)
      at Interface.emit (node:events:527:28)
      at Interface._ttyWrite (node:readline:1081:16)
      at ReadStream.onkeypress (node:readline:288:10)
      at ReadStream.emit (node:events:527:28)
      at emitKeys (node:internal/readline/utils:358:14)
      at emitKeys.next (<anonymous>)
      at ReadStream.onData (node:internal/readline/emitKeypressEvents:61:36)
      at ReadStream.emit (node:events:527:28)
      at addChunk (node:internal/streams/readable:315:12)

npm manifest: 
  {
    "name": "logger",
    "version": "1.0.0",
    "description": "",
    "main": "index.js",
    "scripts": {
      "test": "echo \"Error: no test specified\" && exit 1",
      "dev": "nodemon index.js"
    },
    "keywords": [],
    "author": "",
    "license": "ISC",
    "dependencies": {
      "express": "^4.18.1"
    },
    "devDependencies": {
      "morgan": "^1.10.0",
      "nodemon": "^2.0.18"
    }
  }

yarn manifest: 
  No manifest

Lockfile: 
  No lockfile
